<?xml version="1.0" encoding="UTF-8"?>
<!-- Generated by org.testng.reporters.JUnitReportReporter -->
<testsuite hostname="DESKTOP-CBC06U2" failures="0" tests="1" name="restAPIPrac.GETAPi" time="6.091" errors="0" timestamp="23 Sep 2019 13:28:51 GMT" skipped="0">
  <testcase classname="restAPIPrac.GETAPi" name="getAPICall" time="6.091"/>
</testsuite> <!-- restAPIPrac.GETAPi -->
