<?xml version="1.0" encoding="UTF-8"?>
<!-- Generated by org.testng.reporters.JUnitReportReporter -->
<testsuite hostname="DESKTOP-CBC06U2" failures="0" tests="4" name="com.testNG.Prac" time="4.096" errors="0" timestamp="20 Jun 2020 05:45:46 GMT" skipped="0">
  <testcase classname="com.testNG.Prac" name="UserData1" time="2.017"/>
  <testcase classname="com.testNG.Prac" name="UserData" time="0.065"/>
  <testcase classname="com.testNG.Prac" name="UserData" time="0.002"/>
  <testcase classname="com.testNG.Prac" name="UserData1" time="2.012"/>
</testsuite> <!-- com.testNG.Prac -->
