<?xml version="1.0" encoding="UTF-8"?>
<testsuite xmlns:xsi="http://www.w3.org/2001/XMLSchema-instance" xsi:noNamespaceSchemaLocation="https://maven.apache.org/surefire/maven-surefire-plugin/xsd/surefire-test-report-3.0.xsd" version="3.0" name="TestSuite" time="28.642" tests="2" errors="0" skipped="0" failures="0">
  <properties>
    <property name="sun.desktop" value="windows"/>
    <property name="awt.toolkit" value="sun.awt.windows.WToolkit"/>
    <property name="java.specification.version" value="12"/>
    <property name="webdriver.chrome.driver" value="D:\Birlasoft\QLab\SeSirvaAutFinal\drivers\chromedriver.exe"/>
    <property name="sun.cpu.isalist" value="amd64"/>
    <property name="sun.jnu.encoding" value="Cp1252"/>
    <property name="java.class.path" value="C:\Users\Ankit Bansal\eclipse-workspace\testNG\target\test-classes;C:\Users\Ankit Bansal\eclipse-workspace\testNG\target\classes;C:\Users\Ankit Bansal\.m2\repository\org\testng\testng\6.13\testng-6.13.jar;C:\Users\Ankit Bansal\.m2\repository\com\beust\jcommander\1.48\jcommander-1.48.jar;C:\Users\Ankit Bansal\.m2\repository\org\seleniumhq\selenium\selenium-java\3.141.5\selenium-java-3.141.5.jar;C:\Users\Ankit Bansal\.m2\repository\org\seleniumhq\selenium\selenium-api\3.141.5\selenium-api-3.141.5.jar;C:\Users\Ankit Bansal\.m2\repository\org\seleniumhq\selenium\selenium-chrome-driver\3.141.5\selenium-chrome-driver-3.141.5.jar;C:\Users\Ankit Bansal\.m2\repository\org\seleniumhq\selenium\selenium-edge-driver\3.141.5\selenium-edge-driver-3.141.5.jar;C:\Users\Ankit Bansal\.m2\repository\org\seleniumhq\selenium\selenium-firefox-driver\3.141.5\selenium-firefox-driver-3.141.5.jar;C:\Users\Ankit Bansal\.m2\repository\org\seleniumhq\selenium\selenium-ie-driver\3.141.5\selenium-ie-driver-3.141.5.jar;C:\Users\Ankit Bansal\.m2\repository\org\seleniumhq\selenium\selenium-opera-driver\3.141.5\selenium-opera-driver-3.141.5.jar;C:\Users\Ankit Bansal\.m2\repository\org\seleniumhq\selenium\selenium-remote-driver\3.141.5\selenium-remote-driver-3.141.5.jar;C:\Users\Ankit Bansal\.m2\repository\org\seleniumhq\selenium\selenium-safari-driver\3.141.5\selenium-safari-driver-3.141.5.jar;C:\Users\Ankit Bansal\.m2\repository\org\seleniumhq\selenium\selenium-support\3.141.5\selenium-support-3.141.5.jar;C:\Users\Ankit Bansal\.m2\repository\net\bytebuddy\byte-buddy\1.8.15\byte-buddy-1.8.15.jar;C:\Users\Ankit Bansal\.m2\repository\org\apache\commons\commons-exec\1.3\commons-exec-1.3.jar;C:\Users\Ankit Bansal\.m2\repository\com\google\guava\guava\25.0-jre\guava-25.0-jre.jar;C:\Users\Ankit Bansal\.m2\repository\com\google\code\findbugs\jsr305\1.3.9\jsr305-1.3.9.jar;C:\Users\Ankit Bansal\.m2\repository\org\checkerframework\checker-compat-qual\2.0.0\checker-compat-qual-2.0.0.jar;C:\Users\Ankit Bansal\.m2\repository\com\google\errorprone\error_prone_annotations\2.1.3\error_prone_annotations-2.1.3.jar;C:\Users\Ankit Bansal\.m2\repository\com\google\j2objc\j2objc-annotations\1.1\j2objc-annotations-1.1.jar;C:\Users\Ankit Bansal\.m2\repository\org\codehaus\mojo\animal-sniffer-annotations\1.14\animal-sniffer-annotations-1.14.jar;C:\Users\Ankit Bansal\.m2\repository\com\squareup\okhttp3\okhttp\3.11.0\okhttp-3.11.0.jar;C:\Users\Ankit Bansal\.m2\repository\com\squareup\okio\okio\1.14.0\okio-1.14.0.jar;"/>
    <property name="java.vm.vendor" value="Oracle Corporation"/>
    <property name="sun.arch.data.model" value="64"/>
    <property name="user.variant" value=""/>
    <property name="java.vendor.url" value="https://java.oracle.com/"/>
    <property name="user.timezone" value="Asia/Calcutta"/>
    <property name="os.name" value="Windows 10"/>
    <property name="java.vm.specification.version" value="12"/>
    <property name="sun.java.launcher" value="SUN_STANDARD"/>
    <property name="user.country" value="IN"/>
    <property name="sun.boot.library.path" value="C:\Program Files\Java\jdk-12.0.2\bin"/>
    <property name="sun.java.command" value="C:\Users\Ankit Bansal\AppData\Local\Temp\surefire15939535896558365938\surefirebooter13106434245952695374.jar C:\Users\Ankit Bansal\AppData\Local\Temp\surefire15939535896558365938 2020-06-21T17-15-11_880-jvmRun1 surefire13004841420058830786tmp surefire_01647915006287141218tmp"/>
    <property name="jdk.debug" value="release"/>
    <property name="surefire.test.class.path" value="C:\Users\Ankit Bansal\eclipse-workspace\testNG\target\test-classes;C:\Users\Ankit Bansal\eclipse-workspace\testNG\target\classes;C:\Users\Ankit Bansal\.m2\repository\org\testng\testng\6.13\testng-6.13.jar;C:\Users\Ankit Bansal\.m2\repository\com\beust\jcommander\1.48\jcommander-1.48.jar;C:\Users\Ankit Bansal\.m2\repository\org\seleniumhq\selenium\selenium-java\3.141.5\selenium-java-3.141.5.jar;C:\Users\Ankit Bansal\.m2\repository\org\seleniumhq\selenium\selenium-api\3.141.5\selenium-api-3.141.5.jar;C:\Users\Ankit Bansal\.m2\repository\org\seleniumhq\selenium\selenium-chrome-driver\3.141.5\selenium-chrome-driver-3.141.5.jar;C:\Users\Ankit Bansal\.m2\repository\org\seleniumhq\selenium\selenium-edge-driver\3.141.5\selenium-edge-driver-3.141.5.jar;C:\Users\Ankit Bansal\.m2\repository\org\seleniumhq\selenium\selenium-firefox-driver\3.141.5\selenium-firefox-driver-3.141.5.jar;C:\Users\Ankit Bansal\.m2\repository\org\seleniumhq\selenium\selenium-ie-driver\3.141.5\selenium-ie-driver-3.141.5.jar;C:\Users\Ankit Bansal\.m2\repository\org\seleniumhq\selenium\selenium-opera-driver\3.141.5\selenium-opera-driver-3.141.5.jar;C:\Users\Ankit Bansal\.m2\repository\org\seleniumhq\selenium\selenium-remote-driver\3.141.5\selenium-remote-driver-3.141.5.jar;C:\Users\Ankit Bansal\.m2\repository\org\seleniumhq\selenium\selenium-safari-driver\3.141.5\selenium-safari-driver-3.141.5.jar;C:\Users\Ankit Bansal\.m2\repository\org\seleniumhq\selenium\selenium-support\3.141.5\selenium-support-3.141.5.jar;C:\Users\Ankit Bansal\.m2\repository\net\bytebuddy\byte-buddy\1.8.15\byte-buddy-1.8.15.jar;C:\Users\Ankit Bansal\.m2\repository\org\apache\commons\commons-exec\1.3\commons-exec-1.3.jar;C:\Users\Ankit Bansal\.m2\repository\com\google\guava\guava\25.0-jre\guava-25.0-jre.jar;C:\Users\Ankit Bansal\.m2\repository\com\google\code\findbugs\jsr305\1.3.9\jsr305-1.3.9.jar;C:\Users\Ankit Bansal\.m2\repository\org\checkerframework\checker-compat-qual\2.0.0\checker-compat-qual-2.0.0.jar;C:\Users\Ankit Bansal\.m2\repository\com\google\errorprone\error_prone_annotations\2.1.3\error_prone_annotations-2.1.3.jar;C:\Users\Ankit Bansal\.m2\repository\com\google\j2objc\j2objc-annotations\1.1\j2objc-annotations-1.1.jar;C:\Users\Ankit Bansal\.m2\repository\org\codehaus\mojo\animal-sniffer-annotations\1.14\animal-sniffer-annotations-1.14.jar;C:\Users\Ankit Bansal\.m2\repository\com\squareup\okhttp3\okhttp\3.11.0\okhttp-3.11.0.jar;C:\Users\Ankit Bansal\.m2\repository\com\squareup\okio\okio\1.14.0\okio-1.14.0.jar;"/>
    <property name="sun.cpu.endian" value="little"/>
    <property name="user.home" value="C:\Users\Ankit Bansal"/>
    <property name="user.language" value="en"/>
    <property name="java.specification.vendor" value="Oracle Corporation"/>
    <property name="java.version.date" value="2019-07-16"/>
    <property name="java.home" value="C:\Program Files\Java\jdk-12.0.2"/>
    <property name="file.separator" value="\"/>
    <property name="basedir" value="C:\Users\Ankit Bansal\eclipse-workspace\testNG"/>
    <property name="java.vm.compressedOopsMode" value="32-bit"/>
    <property name="line.separator" value="&#10;"/>
    <property name="java.vm.specification.vendor" value="Oracle Corporation"/>
    <property name="java.specification.name" value="Java Platform API Specification"/>
    <property name="java.awt.graphicsenv" value="sun.awt.Win32GraphicsEnvironment"/>
    <property name="surefire.real.class.path" value="C:\Users\Ankit Bansal\AppData\Local\Temp\surefire15939535896558365938\surefirebooter13106434245952695374.jar"/>
    <property name="user.script" value=""/>
    <property name="sun.management.compiler" value="HotSpot 64-Bit Tiered Compilers"/>
    <property name="java.runtime.version" value="12.0.2+10"/>
    <property name="user.name" value="Ankit Bansal"/>
    <property name="path.separator" value=";"/>
    <property name="os.version" value="10.0"/>
    <property name="java.runtime.name" value="Java(TM) SE Runtime Environment"/>
    <property name="file.encoding" value="Cp1252"/>
    <property name="java.vm.name" value="Java HotSpot(TM) 64-Bit Server VM"/>
    <property name="localRepository" value="C:\Users\Ankit Bansal\.m2\repository"/>
    <property name="java.vendor.url.bug" value="https://bugreport.java.com/bugreport/"/>
    <property name="java.io.tmpdir" value="C:\Users\ANKITB~1\AppData\Local\Temp\"/>
    <property name="java.version" value="12.0.2"/>
    <property name="user.dir" value="C:\Users\Ankit Bansal\eclipse-workspace\testNG"/>
    <property name="os.arch" value="amd64"/>
    <property name="webdriver.gecko.driver" value="D:\python\drivers\geckodriver-v0.26.0-win64\geckodriver.exe"/>
    <property name="java.vm.specification.name" value="Java Virtual Machine Specification"/>
    <property name="sun.os.patch.level" value=""/>
    <property name="java.library.path" value="C:\Program Files\Java\jdk-12.0.2\bin;C:\WINDOWS\Sun\Java\bin;C:\WINDOWS\system32;C:\WINDOWS;C:/Program Files/Java/jdk-12.0.2/bin/server;C:/Program Files/Java/jdk-12.0.2/bin;C:\python3\Scripts\;C:\python3\;C:\WINDOWS\system32;C:\WINDOWS;C:\WINDOWS\System32\Wbem;C:\WINDOWS\System32\WindowsPowerShell\v1.0\;C:\WINDOWS\System32\OpenSSH\;C:\Program Files (x86)\Intel\Intel(R) Management Engine Components\DAL;C:\Program Files\Intel\Intel(R) Management Engine Components\DAL;C:\Program Files\Microsoft SQL Server\Client SDK\ODBC\130\Tools\Binn\;C:\Program Files (x86)\Microsoft SQL Server\140\Tools\Binn\;C:\Program Files\Microsoft SQL Server\140\Tools\Binn\;C:\Program Files\Microsoft SQL Server\140\DTS\Binn\;C:\Program Files (x86)\Microsoft SQL Server\150\DTS\Binn\;C:\Program Files\Microsoft SQL Server\130\Tools\Binn\;C:\python3;C:\python3\Scripts;C:\python3\DLLs;C:\python3\Lib;C:\python3\libs;;C:\Program Files\nodejs\;C:\Users\Ankit Bansal\workspace_python\selenium_proj\libs;C:\Program Files\Java\jdk-12.0.2\bin;C:\Users\Ankit Bansal\AppData\Local\Microsoft\WindowsApps;C:\Users\Ankit Bansal\AppData\Roaming\npm;C:\Users\Ankit Bansal\AppData\Local\Programs\Microsoft VS Code\bin;C:\Users\Ankit Bansal\Desktop;;."/>
    <property name="java.vm.info" value="mixed mode, sharing"/>
    <property name="java.vendor" value="Oracle Corporation"/>
    <property name="java.vm.version" value="12.0.2+10"/>
    <property name="sun.io.unicode.encoding" value="UnicodeLittle"/>
    <property name="java.class.version" value="56.0"/>
  </properties>
  <testcase name="getTest" classname="testINT.BaseClass" time="4.865">
    <system-out><![CDATA[[TestNGContentHandler] [WARN] It is strongly recommended to add "<!DOCTYPE suite SYSTEM "http://testng.org/testng-1.0.dtd" >" at the top of your file, otherwise TestNG may fail or not work as expected.
]]></system-out>
    <system-err><![CDATA[1592739944573	mozrunner::runner	INFO	Running command: "C:\\Program Files\\Mozilla Firefox\\firefox.exe" "-marionette" "-foreground" "-no-remote" "-profile" "C:\\Users\\ANKITB~1\\AppData\\Local\\Temp\\rust_mozprofileUx9mUe"
JavaScript error: resource://gre/modules/XULStore.jsm, line 66: Error: Can't find profile directory.
1592739949485	Marionette	INFO	Listening on port 51809
1592739949868	Marionette	WARN	TLS certificate errors will be ignored for this session
Jun 21, 2020 5:15:49 PM org.openqa.selenium.remote.ProtocolHandshake createSession
INFO: Detected dialect: W3C
]]></system-err>
  </testcase>
  <testcase name="getTest" classname="testINT.BaseClass" time="6.579">
    <system-err><![CDATA[1592739955013	Marionette	INFO	Stopped listening on port 51809

###!!! [Child][RunMessage] Error: Channel closing: too late to send/recv, messages will be lost


###!!! [Child][MessageChannel::SendAndWait] Error: Channel error: cannot send/recv

Starting ChromeDriver 81.0.4044.69 (6813546031a4bc83f717a2ef7cd4ac6ec1199132-refs/branch-heads/4044@{#776}) on port 36114
Only local connections are allowed.
Please protect ports used by ChromeDriver and related test frameworks to prevent access by malicious code.
Jun 21, 2020 5:15:59 PM org.openqa.selenium.remote.ProtocolHandshake createSession
INFO: Detected dialect: W3C
[1592739964.702][SEVERE]: Timed out receiving message from renderer: 0.100
[1592739964.804][SEVERE]: Timed out receiving message from renderer: 0.100
[1592739964.908][SEVERE]: Timed out receiving message from renderer: 0.100
[1592739965.013][SEVERE]: Timed out receiving message from renderer: 0.100
[1592739965.184][SEVERE]: Timed out receiving message from renderer: 0.100
[1592739965.379][SEVERE]: Timed out receiving message from renderer: 0.100
[1592739965.777][SEVERE]: Timed out receiving message from renderer: 0.100
[1592739965.883][SEVERE]: Timed out receiving message from renderer: 0.100
[1592739965.991][SEVERE]: Timed out receiving message from renderer: 0.100
[1592739966.095][SEVERE]: Timed out receiving message from renderer: 0.100
[1592739966.208][SEVERE]: Timed out receiving message from renderer: 0.100
[1592739966.324][SEVERE]: Timed out receiving message from renderer: 0.100
[1592739966.593][SEVERE]: Timed out receiving message from renderer: 0.100
[1592739966.795][SEVERE]: Timed out receiving message from renderer: 0.100
[1592739966.904][SEVERE]: Timed out receiving message from renderer: 0.100
[1592739967.049][SEVERE]: Timed out receiving message from renderer: 0.100
[1592739967.154][SEVERE]: Timed out receiving message from renderer: 0.100
[1592739967.256][SEVERE]: Timed out receiving message from renderer: 0.100
[1592739967.444][SEVERE]: Timed out receiving message from renderer: 0.100
[1592739967.549][SEVERE]: Timed out receiving message from renderer: 0.100
[1592739967.655][SEVERE]: Timed out receiving message from renderer: 0.100
[1592739967.762][SEVERE]: Timed out receiving message from renderer: 0.100
[1592739967.944][SEVERE]: Timed out receiving message from renderer: 0.100
[1592739968.046][SEVERE]: Timed out receiving message from renderer: 0.100
[1592739968.154][SEVERE]: Timed out receiving message from renderer: 0.100
[1592739968.258][SEVERE]: Timed out receiving message from renderer: 0.100
[1592739968.364][SEVERE]: Timed out receiving message from renderer: 0.100
[1592739968.469][SEVERE]: Timed out receiving message from renderer: 0.100
]]></system-err>
  </testcase>
</testsuite>