<?xml version="1.0" encoding="UTF-8"?>
<!-- Generated by org.testng.reporters.JUnitReportReporter -->
<testsuite hostname="DESKTOP-CBC06U2" failures="0" tests="2" name="testINT.BaseClass" time="25.953" errors="0" timestamp="21 Jun 2020 11:46:09 GMT" skipped="0">
  <testcase classname="testINT.BaseClass" name="getTest" time="12.978"/>
  <testcase classname="testINT.BaseClass" name="getTest" time="12.975"/>
</testsuite> <!-- testINT.BaseClass -->
