<?xml version="1.0" encoding="UTF-8"?>
<!-- Generated by org.testng.reporters.JUnitReportReporter -->
<testsuite hostname="DESKTOP-CBC06U2" failures="0" tests="1" name="adobeArray.LargestNumberInArray" time="0.008" errors="0" timestamp="24 Nov 2019 10:59:01 GMT" skipped="0">
  <testcase classname="adobeArray.LargestNumberInArray" name="sortArray" time="0.008"/>
</testsuite> <!-- adobeArray.LargestNumberInArray -->
