<?xml version="1.0" encoding="UTF-8"?>
<!-- Generated by org.testng.reporters.JUnitReportReporter -->
<testsuite hostname="DESKTOP-CBC06U2" failures="0" tests="2" name="jiraAPIS.LoginCreateIssue" time="2.216" errors="0" timestamp="30 Sep 2019 15:08:52 GMT" skipped="0">
  <testcase classname="jiraAPIS.LoginCreateIssue" name="createIssue" time="0.233"/>
  <testcase classname="jiraAPIS.LoginCreateIssue" name="createIssue" time="1.983"/>
</testsuite> <!-- jiraAPIS.LoginCreateIssue -->
