<?xml version="1.0" encoding="UTF-8"?>
<!-- Generated by org.testng.reporters.JUnitReportReporter -->
<testsuite hostname="DESKTOP-CBC06U2" failures="0" tests="1" name="string.StringPrac" time="0.013" errors="0" timestamp="25 Nov 2019 10:13:37 GMT" skipped="0">
  <testcase classname="string.StringPrac" name="stringPrac" time="0.013"/>
</testsuite> <!-- string.StringPrac -->
