<?xml version="1.0" encoding="UTF-8"?>
<!-- Generated by org.testng.reporters.JUnitReportReporter -->
<testsuite hostname="DESKTOP-CBC06U2" failures="0" tests="1" name="adobeArray.LargestElementArray" time="0.012" errors="0" timestamp="23 Nov 2019 12:37:29 GMT" skipped="0">
  <testcase classname="adobeArray.LargestElementArray" name="largestElementArray" time="0.012"/>
</testsuite> <!-- adobeArray.LargestElementArray -->
