<?xml version="1.0" encoding="UTF-8"?>
<!-- Generated by org.testng.reporters.JUnitReportReporter -->
<testsuite hostname="DESKTOP-CBC06U2" failures="0" tests="1" name="adobeArray.NonRepeated" time="0.009" errors="0" timestamp="25 Nov 2019 06:05:20 GMT" skipped="0">
  <testcase classname="adobeArray.NonRepeated" name="nonRepeated" time="0.009"/>
</testsuite> <!-- adobeArray.NonRepeated -->
