<?xml version="1.0" encoding="UTF-8"?>
<!-- Generated by org.testng.reporters.JUnitReportReporter -->
<testsuite hostname="DESKTOP-CBC06U2" failures="0" tests="1" name="prac.Prac2" time="0.012" errors="0" timestamp="26 Nov 2019 03:00:28 GMT" skipped="0">
  <testcase classname="prac.Prac2" name="palendrome" time="0.012"/>
</testsuite> <!-- prac.Prac2 -->
