<?xml version="1.0" encoding="UTF-8"?>
<!-- Generated by org.testng.reporters.JUnitReportReporter -->
<testsuite hostname="DESKTOP-CBC06U2" failures="0" tests="1" name="adobeArray.MissingNumber" time="0.007" errors="0" timestamp="24 Nov 2019 16:01:13 GMT" skipped="0">
  <testcase classname="adobeArray.MissingNumber" name="findMull" time="0.007"/>
</testsuite> <!-- adobeArray.MissingNumber -->
