<?xml version="1.0" encoding="UTF-8"?>
<!-- Generated by org.testng.reporters.JUnitReportReporter -->
<testsuite hostname="DESKTOP-CBC06U2" failures="0" tests="1" name="collectionsPrac.MainClass" time="0.007" errors="0" timestamp="24 Nov 2019 05:55:29 GMT" skipped="0">
  <testcase classname="collectionsPrac.MainClass" name="test" time="0.007"/>
</testsuite> <!-- collectionsPrac.MainClass -->
