<?xml version="1.0" encoding="UTF-8"?>
<!-- Generated by org.testng.reporters.JUnitReportReporter -->
<testsuite hostname="DESKTOP-CBC06U2" failures="0" tests="1" name="adobeArray.adobeArray" time="0.007" errors="0" timestamp="23 Nov 2019 12:12:43 GMT" skipped="0">
  <testcase classname="adobeArray.adobeArray" name="checkArray" time="0.007"/>
</testsuite> <!-- adobeArray.adobeArray -->
