<?xml version="1.0" encoding="UTF-8"?>
<!-- Generated by org.testng.reporters.JUnitReportReporter -->
<testsuite hostname="DESKTOP-CBC06U2" failures="0" tests="1" name="prac.Prac" time="0.008" errors="0" timestamp="25 Nov 2019 14:57:23 GMT" skipped="0">
  <testcase classname="prac.Prac" name="findMissing" time="0.008"/>
</testsuite> <!-- prac.Prac -->
