<?xml version="1.0" encoding="UTF-8"?>
<!-- Generated by org.testng.reporters.JUnitReportReporter -->
<testsuite hostname="DESKTOP-CBC06U2" failures="0" tests="1" name="restAPIPrac.GETAPi" time="3.180" errors="0" timestamp="27 Sep 2019 14:38:02 GMT" skipped="0">
  <testcase classname="restAPIPrac.GETAPi" name="getAPICall" time="3.180"/>
</testsuite> <!-- restAPIPrac.GETAPi -->
