<?xml version="1.0" encoding="UTF-8"?>
<!-- Generated by org.testng.reporters.JUnitReportReporter -->
<testsuite hostname="DESKTOP-CBC06U2" failures="0" tests="1" name="collectionsPrac.ArrayListPrac" time="0.008" errors="0" timestamp="24 Nov 2019 03:42:00 GMT" skipped="0">
  <testcase classname="collectionsPrac.ArrayListPrac" name="arrayListPrac" time="0.008"/>
</testsuite> <!-- collectionsPrac.ArrayListPrac -->
