<?xml version="1.0" encoding="UTF-8"?>
<!-- Generated by org.testng.reporters.JUnitReportReporter -->
<testsuite hostname="DESKTOP-CBC06U2" failures="0" tests="1" name="pageObjects.LoginPageObjects" time="6.669" errors="0" timestamp="24 Sep 2019 14:27:30 GMT" skipped="0">
  <testcase classname="pageObjects.LoginPageObjects" name="Test" time="6.669"/>
</testsuite> <!-- pageObjects.LoginPageObjects -->
