<?xml version="1.0" encoding="UTF-8"?>
<!-- Generated by org.testng.reporters.JUnitReportReporter -->
<testsuite hostname="DESKTOP-CBC06U2" failures="0" tests="1" name="testCases.LoginTC" time="6.444" errors="0" timestamp="24 Sep 2019 15:12:39 GMT" skipped="0">
  <testcase classname="testCases.LoginTC" name="LoginFB" time="6.444"/>
</testsuite> <!-- testCases.LoginTC -->
