<?xml version="1.0" encoding="UTF-8"?>
<!-- Generated by org.testng.reporters.JUnitReportReporter -->
<testsuite hostname="DESKTOP-CBC06U2" failures="0" tests="1" name="testPackage.ReverseWords" time="0.009" errors="0" timestamp="01 Aug 2019 12:42:29 GMT" skipped="0">
  <testcase classname="testPackage.ReverseWords" name="a" time="0.009"/>
</testsuite> <!-- testPackage.ReverseWords -->
