<?xml version="1.0" encoding="UTF-8"?>
<!-- Generated by org.testng.reporters.JUnitReportReporter -->
<testsuite hostname="DESKTOP-CBC06U2" failures="0" tests="1" name="rbs.BasicProg1" time="29.894" errors="0" timestamp="26 Aug 2019 14:31:44 GMT" skipped="0">
  <testcase classname="rbs.BasicProg1" name="abc" time="29.894"/>
</testsuite> <!-- rbs.BasicProg1 -->
