<?xml version="1.0" encoding="UTF-8"?>
<!-- Generated by org.testng.reporters.JUnitReportReporter -->
<testsuite hostname="DESKTOP-CBC06U2" failures="0" tests="1" name="restPractice.HttpCall" time="0.010" errors="0" timestamp="21 Sep 2019 12:42:07 GMT" skipped="0">
  <testcase classname="restPractice.HttpCall" name="getCall" time="0.010"/>
</testsuite> <!-- restPractice.HttpCall -->
