<?xml version="1.0" encoding="UTF-8"?>
<!-- Generated by org.testng.reporters.JUnitReportReporter -->
<testsuite hostname="DESKTOP-CBC06U2" failures="0" tests="1" name="testPackage.TestClass" time="0.014" errors="0" timestamp="01 Aug 2019 11:20:06 GMT" skipped="0">
  <testcase classname="testPackage.TestClass" name="abc" time="0.014"/>
</testsuite> <!-- testPackage.TestClass -->
